#
# A fatal error has been detected by the Java Runtime Environment:
#
#  SIGSEGV (0xb) at pc=0x00000001089b7f84, pid=2112, tid=35843
#
# JRE version: Java(TM) SE Runtime Environment (15.0.1+9) (build 15.0.1+9-18)
# Java VM: Java HotSpot(TM) 64-Bit Server VM (15.0.1+9-18, mixed mode, sharing, tiered, compressed oops, g1 gc, bsd-amd64)
# Problematic frame:
# V  [libjvm.dylib+0x3b7f84]  void G1ParScanThreadState::do_oop_evac<unsigned int>(unsigned int*)+0x54
#
# No core dump will be written. Core dumps have been disabled. To enable core dumping, try "ulimit -c unlimited" before starting Java again
#
# If you would like to submit a bug report, please visit:
#   https://bugreport.java.com/bugreport/crash.jsp
#

---------------  S U M M A R Y ------------

Command Line: -javaagent:/Applications/IntelliJ IDEA CE.app/Contents/lib/idea_rt.jar=52325:/Applications/IntelliJ IDEA CE.app/Contents/bin -Dfile.encoding=UTF-8 tech.eazley.PharmaReconile.PharmaReconileApplication

Host: MacBookPro8,1 x86_64 2800 MHz, 4 cores, 10G, Darwin 17.7.0
Time: Wed Jul  7 20:41:59 2021 EST elapsed time: 6.147038 seconds (0d 0h 0m 6s)

---------------  T H R E A D  ---------------

Current thread (0x00007fe8748646b0):  GCTaskThread "GC Thread#3" [stack: 0x0000700010d0f000,0x0000700010e0f000] [id=35843]

Stack: [0x0000700010d0f000,0x0000700010e0f000],  sp=0x0000700010e0ea70,  free space=1022k
Native frames: (J=compiled Java code, A=aot compiled Java code, j=interpreted, Vv=VM code, C=native code)
V  [libjvm.dylib+0x3b7f84]  void G1ParScanThreadState::do_oop_evac<unsigned int>(unsigned int*)+0x54
V  [libjvm.dylib+0x3ef48b]  G1ParScanThreadState::trim_queue_to_threshold(unsigned int)+0x23b
V  [libjvm.dylib+0x40c13e]  void G1ParCopyClosure<(G1Barrier)1, (G1Mark)2>::do_oop_work<oopDesc*>(oopDesc**)+0x25e
V  [libjvm.dylib+0x2995d1]  ClassLoaderData::oops_do(OopClosure*, int, bool)+0xd1
V  [libjvm.dylib+0x3ef170]  G1CLDScanClosure::do_cld(ClassLoaderData*)+0x40
V  [libjvm.dylib+0x29bd12]  ClassLoaderDataGraph::roots_cld_do(CLDClosure*, CLDClosure*)+0x42
V  [libjvm.dylib+0x40cf04]  G1RootProcessor::process_java_roots(G1RootClosures*, G1GCPhaseTimes*, unsigned int)+0xc4
V  [libjvm.dylib+0x40cdae]  G1RootProcessor::evacuate_roots(G1ParScanThreadState*, unsigned int)+0x5e
V  [libjvm.dylib+0x3b92bf]  G1EvacuateRegionsTask::scan_roots(G1ParScanThreadState*, unsigned int)+0x1f
V  [libjvm.dylib+0x3b91a9]  G1EvacuateRegionsBaseTask::work(unsigned int)+0x89
V  [libjvm.dylib+0xa3257d]  GangWorker::loop()+0x4d
V  [libjvm.dylib+0x995711]  Thread::call_run()+0x71
V  [libjvm.dylib+0x827c47]  thread_native_entry(Thread*)+0x197
C  [libsystem_pthread.dylib+0x3661]  _pthread_body+0x154
C  [libsystem_pthread.dylib+0x350d]  _pthread_body+0x0
C  [libsystem_pthread.dylib+0x2bf9]  thread_start+0xd


siginfo: si_signo: 11 (SIGSEGV), si_code: 1 (SEGV_MAPERR), si_addr: 0x0000000000000040

Register to memory mapping:

RAX=0x0 is NULL
RBX=0x0000000000000003 is an unknown value
RCX=0x0000000000000015 is an unknown value
RDX=0x0000000000000040 is an unknown value
RSP=0x0000700010e0ea70 points into unknown readable memory: 0x00007fe872415540 | 40 55 41 72 e8 7f 00 00
RBP=0x0000700010e0ea90 points into unknown readable memory: 0x0000700010e0ead0 | d0 ea e0 10 00 70 00 00
RSI=0x0 is NULL
RDI=0x0 is NULL
R8 =0x00007fe872415640 points into unknown readable memory: 0x0000010d0000038c | 8c 03 00 00 0d 01 00 00
R9 =0x0000000000000001 is an unknown value
R10=0x000000000000000b is an unknown value
R11=0x00000007696d0e20 is an oop: [B 
{0x00000007696d0e20} - klass: {type array byte}
 - length: 68
R12=0x00000001091b3f18: _ZN14CompressedOops11_narrow_oopE+0 in /Library/Java/JavaVirtualMachines/jdk-15.0.1.jdk/Contents/Home/lib/server/libjvm.dylib at 0x0000000108600000
R13=0xffffffff00000000 is an unknown value
R14=0x00007fe874c98370 points into unknown readable memory: 0x0000000109195f80 | 80 5f 19 09 01 00 00 00
R15=0x00000007696cf058 is pointing into object: java.lang.Class 
{0x00000007696cf010} - klass: 'java/lang/Class'


Registers:
RAX=0x0000000000000000, RBX=0x0000000000000003, RCX=0x0000000000000015, RDX=0x0000000000000040
RSP=0x0000700010e0ea70, RBP=0x0000700010e0ea90, RSI=0x0000000000000000, RDI=0x0000000000000000
R8 =0x00007fe872415640, R9 =0x0000000000000001, R10=0x000000000000000b, R11=0x00000007696d0e20
R12=0x00000001091b3f18, R13=0xffffffff00000000, R14=0x00007fe874c98370, R15=0x00000007696cf058
RIP=0x00000001089b7f84, EFLAGS=0x0000000000010246, ERR=0x0000000000000004
  TRAPNO=0x000000000000000e

Top of Stack: (sp=0x0000700010e0ea70)
0x0000700010e0ea70:   00007fe872415540 0000000100000000
0x0000700010e0ea80:   00000003f9bef06c 00007fe874c98370
0x0000700010e0ea90:   0000700010e0ead0 00000001089ef48b
0x0000700010e0eaa0:   000000406e2a0c74 00007fe874c98370
0x0000700010e0eab0:   000000000000001b 0000000000000001
0x0000700010e0eac0:   00000003f9bef06c 000000016e2a0c74
0x0000700010e0ead0:   0000700010e0eb10 0000000108a0c13e
0x0000700010e0eae0:   00000001091965d0 00007fe87265e048
0x0000700010e0eaf0:   000000000000001b 0000000000000001
0x0000700010e0eb00:   00007fe87265e020 00007fe874c988f8
0x0000700010e0eb10:   0000700010e0eb40 00000001088995d1
0x0000700010e0eb20:   00007fe8726127f0 00007fe872411f90
0x0000700010e0eb30:   00007fe874c98958 0000000000000000
0x0000700010e0eb40:   0000700010e0eb70 00000001089ef170
0x0000700010e0eb50:   00007fe8726127f0 00007fe872411f90
0x0000700010e0eb60:   00007fe874c98958 00007fe874c98868
0x0000700010e0eb70:   0000700010e0eba0 000000010889bd12
0x0000700010e0eb80:   00007fe874c98958 00007fe874c987d0
0x0000700010e0eb90:   00007fe874c98868 00007fe874c987d8
0x0000700010e0eba0:   0000700010e0ec40 0000000108a0cf04
0x0000700010e0ebb0:   00000001091957a0 000000016db3336e
0x0000700010e0ebc0:   00000003f872ec04 0000000100000008
0x0000700010e0ebd0:   00007fe872411f90 0000000100000002
0x0000700010e0ebe0:   0000000000000000 0000000000000000
0x0000700010e0ebf0:   0000700010e0ec00 0000000108fab1a7
0x0000700010e0ec00:   00000001091957c0 0000700010e0ec01
0x0000700010e0ec10:   0000000210e0ec40 00007fe872411f90
0x0000700010e0ec20:   0000000000000002 0000700010e0edc8
0x0000700010e0ec30:   00007fe874c987d0 000070000fdde368
0x0000700010e0ec40:   0000700010e0ed80 0000000108a0cdae
0x0000700010e0ec50:   00000001091957c0 000000016db297e6
0x0000700010e0ec60:   00000003f87139b0 00007fff00000001 

Instructions: (pc=0x00000001089b7f84)
0x00000001089b7e84:   48 01 c8 48 bf 00 00 00 00 ff ff ff ff 48 21 c7
0x00000001089b7e94:   48 09 fe 48 89 c8 f0 48 0f b1 32 48 39 c8 0f 94
0x00000001089b7ea4:   c0 5d c3 85 c0 74 71 48 8b 8e 00 01 00 00 8b 86
0x00000001089b7eb4:   80 00 00 00 29 c8 25 ff ff 01 00 74 5b 3d ff ff
0x00000001089b7ec4:   01 00 74 54 48 8b 86 80 01 00 00 89 ca 48 8b 04
0x00000001089b7ed4:   d0 49 89 00 48 81 c6 00 01 00 00 8d 51 01 31 c0
0x00000001089b7ee4:   81 e2 ff ff 01 00 0f 94 c0 48 c1 e0 20 48 01 c8
0x00000001089b7ef4:   48 bf 00 00 00 00 ff ff ff ff 48 21 c7 48 09 fa
0x00000001089b7f04:   48 89 c8 f0 48 0f b1 16 48 39 c8 75 0b 45 89 8a
0x00000001089b7f14:   00 02 00 00 b0 01 5d c3 41 c7 82 00 02 00 00 ff
0x00000001089b7f24:   ff ff ff 31 c0 5d c3 31 c0 5d c3 90 55 48 89 e5
0x00000001089b7f34:   41 57 41 56 41 54 53 49 89 f7 41 8b 17 4c 8d 25
0x00000001089b7f44:   d0 bf 7f 00 41 8b 5c 24 08 89 d9 48 d3 e2 49 89
0x00000001089b7f54:   fe 49 8b 3c 24 48 01 fa 49 8b 46 08 8a 88 48 04
0x00000001089b7f64:   00 00 48 89 d6 48 d3 ee 48 8b 80 38 04 00 00 0f
0x00000001089b7f74:   b7 34 70 89 f0 c1 e8 08 84 c0 0f 88 dd 00 00 00
0x00000001089b7f84:   48 8b 0a 89 c8 83 e0 03 48 83 f8 03 75 23 48 8d
0x00000001089b7f94:   15 10 00 86 00 89 ce 83 e6 07 48 83 e1 fc 31 c0
0x00000001089b7fa4:   80 3a 00 48 0f 44 c1 48 83 fe 05 48 0f 45 c1 eb
0x00000001089b7fb4:   11 4c 89 f7 e8 73 92 03 00 49 8b 3c 24 41 8b 5c
0x00000001089b7fc4:   24 08 48 89 c2 48 29 fa 89 d9 48 d3 ea 41 89 17
0x00000001089b7fd4:   48 89 c2 4c 31 fa 48 8d 0d 3f 04 86 00 8a 09 48
0x00000001089b7fe4:   d3 ea 48 85 d2 74 76 49 8b 56 08 48 8b b2 00 01
0x00000001089b7ff4:   00 00 8a 4e 68 4c 89 ff 48 d3 ef 48 8b 4e 58 48
0x00000001089b8004:   8b 0c f9 8b 89 ac 00 00 00 f6 c1 02 75 4f 8a 8a
0x00000001089b8014:   48 04 00 00 48 d3 e8 48 8b 8a 38 04 00 00 80 3c
0x00000001089b8024:   41 00 74 39 49 c1 ef 09 49 8b 86 80 00 00 00 4c
0x00000001089b8034:   03 78 48 48 8b 70 40 49 29 f7 4d 39 be d0 01 00
0x00000001089b8044:   00 74 1a 41 80 7e 28 00 74 0c 49 8d 7e 18 4c 01
0x00000001089b8054:   fe e8 f6 9c 4d 00 4d 89 be d0 01 00 00 5b 41 5c
0x00000001089b8064:   41 5e 41 5f 5d c3 66 0f 1f 44 00 00 55 48 89 e5
0x00000001089b8074:   41 56 53 48 89 f3 49 89 fe 48 8b 13 49 8b 46 08 


Stack slot to memory mapping:
stack at sp + 0 slots: 0x00007fe872415540 points into unknown readable memory: 0x0000000000000000 | 00 00 00 00 00 00 00 00
stack at sp + 1 slots: 0x0000000100000000 is an unknown value
stack at sp + 2 slots: 0x00000003f9bef06c is an unknown value
stack at sp + 3 slots: 0x00007fe874c98370 points into unknown readable memory: 0x0000000109195f80 | 80 5f 19 09 01 00 00 00
stack at sp + 4 slots: 0x0000700010e0ead0 points into unknown readable memory: 0x0000700010e0eb10 | 10 eb e0 10 00 70 00 00
stack at sp + 5 slots: 0x00000001089ef48b: _ZN20G1ParScanThreadState23trim_queue_to_thresholdEj+0x23b in /Library/Java/JavaVirtualMachines/jdk-15.0.1.jdk/Contents/Home/lib/server/libjvm.dylib at 0x0000000108600000
stack at sp + 6 slots: 0x000000406e2a0c74 is an unknown value
stack at sp + 7 slots: 0x00007fe874c98370 points into unknown readable memory: 0x0000000109195f80 | 80 5f 19 09 01 00 00 00


---------------  P R O C E S S  ---------------

Threads class SMR info:
_java_thread_list=0x00007fe8749a3d60, length=12, elements={
0x00007fe872812e00, 0x00007fe873802600, 0x00007fe874000000, 0x00007fe873802c00,
0x00007fe87308ae00, 0x00007fe872859000, 0x00007fe87308b400, 0x00007fe874006c00,
0x00007fe87380b600, 0x00007fe87380a000, 0x00007fe87380d800, 0x00007fe872813400
}

Java Threads: ( => current thread )
  0x00007fe872812e00 JavaThread "main" [_thread_blocked, id=6915, stack(0x0000000107c7f000,0x0000000107d7f000)]
  0x00007fe873802600 JavaThread "Reference Handler" daemon [_thread_blocked, id=17667, stack(0x000070000fde2000,0x000070000fee2000)]
  0x00007fe874000000 JavaThread "Finalizer" daemon [_thread_blocked, id=16387, stack(0x000070000fee5000,0x000070000ffe5000)]
  0x00007fe873802c00 JavaThread "Signal Dispatcher" daemon [_thread_blocked, id=42499, stack(0x000070000ffe8000,0x00007000100e8000)]
  0x00007fe87308ae00 JavaThread "Service Thread" daemon [_thread_blocked, id=41475, stack(0x00007000100eb000,0x00007000101eb000)]
  0x00007fe872859000 JavaThread "C2 CompilerThread0" daemon [_thread_blocked, id=23299, stack(0x00007000101ee000,0x00007000102ee000)]
  0x00007fe87308b400 JavaThread "C1 CompilerThread0" daemon [_thread_blocked, id=24323, stack(0x00007000102f1000,0x00007000103f1000)]
  0x00007fe874006c00 JavaThread "Sweeper thread" daemon [_thread_blocked, id=40195, stack(0x00007000103f4000,0x00007000104f4000)]
  0x00007fe87380b600 JavaThread "Common-Cleaner" daemon [_thread_blocked, id=39171, stack(0x00007000104f7000,0x00007000105f7000)]
  0x00007fe87380a000 JavaThread "Monitor Ctrl-Break" daemon [_thread_in_native, id=38403, stack(0x00007000105fa000,0x00007000106fa000)]
  0x00007fe87380d800 JavaThread "Notification Thread" daemon [_thread_blocked, id=25603, stack(0x00007000106fd000,0x00007000107fd000)]
  0x00007fe872813400 JavaThread "Attach Listener" daemon [_thread_blocked, id=26115, stack(0x0000700010903000,0x0000700010a03000)]

Other Threads:
  0x00007fe87241ec10 VMThread "VM Thread" [stack: 0x000070000fcdf000,0x000070000fddf000] [id=18435]
  0x00007fe872711be0 WatcherThread [stack: 0x0000700010800000,0x0000700010900000] [id=37635]
  0x00007fe872416ad0 GCTaskThread "GC Thread#0" [stack: 0x000070000f7d0000,0x000070000f8d0000] [id=13059]
  0x00007fe87247e5b0 GCTaskThread "GC Thread#1" [stack: 0x0000700010a06000,0x0000700010b06000] [id=26371]
  0x00007fe87247f140 GCTaskThread "GC Thread#2" [stack: 0x0000700010b09000,0x0000700010c09000] [id=36611]
=>0x00007fe8748646b0 GCTaskThread "GC Thread#3" [stack: 0x0000700010d0f000,0x0000700010e0f000] [id=35843]
  0x00007fe872511000 ConcurrentGCThread "G1 Main Marker" [stack: 0x000070000f8d3000,0x000070000f9d3000] [id=19715]
  0x00007fe872511fd0 ConcurrentGCThread "G1 Conc#0" [stack: 0x000070000f9d6000,0x000070000fad6000] [id=13827]
  0x00007fe872524100 ConcurrentGCThread "G1 Refine#0" [stack: 0x000070000fad9000,0x000070000fbd9000] [id=14595]
  0x00007fe872525180 ConcurrentGCThread "G1 Young RemSet Sampling" [stack: 0x000070000fbdc000,0x000070000fcdc000] [id=18947]

Threads with active compile tasks:
C2 CompilerThread0     6178 2855       4       org.springframework.beans.factory.support.AbstractAutowireCapableBeanFactory::determineTargetType (60 bytes)
C1 CompilerThread0     6178 2857       3       org.springframework.util.PropertyPlaceholderHelper::parseStringValue (423 bytes)

VM state: at safepoint (normal execution)

VM Mutex/Monitor currently owned by a thread:  ([mutex/lock_event])
[0x00007fe872406da0] Threads_lock - owner thread: 0x00007fe87241ec10
[0x00007fe872407a60] Heap_lock - owner thread: 0x00007fe872812e00

Heap address: 0x0000000760000000, size: 2560 MB, Compressed Oops mode: Zero based, Oop shift amount: 3
CDS archive(s) mapped at: [0x0000000800000000-0x0000000800b2c000-0x0000000800b2c000), size 11714560, SharedBaseAddress: 0x0000000800000000, ArchiveRelocationMode: 0.
Compressed class space mapped at: 0x0000000800b2c000-0x0000000840b2c000, size: 1073741824
Narrow klass base: 0x0000000800000000, Narrow klass shift: 3, Narrow klass range: 0x100000000

GC Precious Log:
 CPUs: 4 total, 4 available
 Memory: 10240M
 Large Page Support: Disabled
 NUMA Support: Disabled
 Compressed Oops: Enabled (Zero based)
 Heap Region Size: 2M
 Heap Min Capacity: 8M
 Heap Initial Capacity: 160M
 Heap Max Capacity: 2560M
 Pre-touch: Disabled
 Parallel Workers: 4
 Concurrent Workers: 1
 Concurrent Refinement Workers: 4
 Periodic GC: Disabled

Heap:
 garbage-first heap   total 167936K, used 16273K [0x0000000760000000, 0x0000000800000000)
  region size 2048K, 5 young (10240K), 3 survivors (6144K)
 Metaspace       used 20728K, capacity 21012K, committed 21296K, reserved 1069056K
  class space    used 2526K, capacity 2633K, committed 2688K, reserved 1048576K

Heap Regions: E=young(eden), S=young(survivor), O=old, HS=humongous(starts), HC=humongous(continues), CS=collection set, F=free, OA=open archive, CA=closed archive, TAMS=top-at-mark-start (previous, next)
|   0|0x0000000760000000, 0x0000000760200000, 0x0000000760200000|100%| O|  |TAMS 0x0000000760000000, 0x0000000760200000| Untracked 
|   1|0x0000000760200000, 0x0000000760400000, 0x0000000760400000|100%| O|  |TAMS 0x0000000760200000, 0x0000000760400000| Untracked 
|   2|0x0000000760400000, 0x000000076050d200, 0x0000000760600000| 52%| O|  |TAMS 0x0000000760400000, 0x000000076050d200| Untracked 
|   3|0x0000000760600000, 0x0000000760600000, 0x0000000760800000|  0%| F|  |TAMS 0x0000000760600000, 0x0000000760600000| Untracked 
|   4|0x0000000760800000, 0x0000000760800000, 0x0000000760a00000|  0%| F|  |TAMS 0x0000000760800000, 0x0000000760800000| Untracked 
|   5|0x0000000760a00000, 0x0000000760a00000, 0x0000000760c00000|  0%| F|  |TAMS 0x0000000760a00000, 0x0000000760a00000| Untracked 
|   6|0x0000000760c00000, 0x0000000760c00000, 0x0000000760e00000|  0%| F|  |TAMS 0x0000000760c00000, 0x0000000760c00000| Untracked 
|   7|0x0000000760e00000, 0x0000000760e00000, 0x0000000761000000|  0%| F|  |TAMS 0x0000000760e00000, 0x0000000760e00000| Untracked 
|   8|0x0000000761000000, 0x0000000761000000, 0x0000000761200000|  0%| F|  |TAMS 0x0000000761000000, 0x0000000761000000| Untracked 
|   9|0x0000000761200000, 0x0000000761200000, 0x0000000761400000|  0%| F|  |TAMS 0x0000000761200000, 0x0000000761200000| Untracked 
|  10|0x0000000761400000, 0x0000000761400000, 0x0000000761600000|  0%| F|  |TAMS 0x0000000761400000, 0x0000000761400000| Untracked 
|  11|0x0000000761600000, 0x0000000761600000, 0x0000000761800000|  0%| F|  |TAMS 0x0000000761600000, 0x0000000761600000| Untracked 
|  12|0x0000000761800000, 0x0000000761800000, 0x0000000761a00000|  0%| F|  |TAMS 0x0000000761800000, 0x0000000761800000| Untracked 
|  13|0x0000000761a00000, 0x0000000761a00000, 0x0000000761c00000|  0%| F|  |TAMS 0x0000000761a00000, 0x0000000761a00000| Untracked 
|  14|0x0000000761c00000, 0x0000000761c00000, 0x0000000761e00000|  0%| F|  |TAMS 0x0000000761c00000, 0x0000000761c00000| Untracked 
|  15|0x0000000761e00000, 0x0000000761e00000, 0x0000000762000000|  0%| F|  |TAMS 0x0000000761e00000, 0x0000000761e00000| Untracked 
|  16|0x0000000762000000, 0x0000000762000000, 0x0000000762200000|  0%| F|  |TAMS 0x0000000762000000, 0x0000000762000000| Untracked 
|  17|0x0000000762200000, 0x0000000762200000, 0x0000000762400000|  0%| F|  |TAMS 0x0000000762200000, 0x0000000762200000| Untracked 
|  18|0x0000000762400000, 0x0000000762400000, 0x0000000762600000|  0%| F|  |TAMS 0x0000000762400000, 0x0000000762400000| Untracked 
|  19|0x0000000762600000, 0x0000000762600000, 0x0000000762800000|  0%| F|  |TAMS 0x0000000762600000, 0x0000000762600000| Untracked 
|  20|0x0000000762800000, 0x0000000762800000, 0x0000000762a00000|  0%| F|  |TAMS 0x0000000762800000, 0x0000000762800000| Untracked 
|  21|0x0000000762a00000, 0x0000000762a00000, 0x0000000762c00000|  0%| F|  |TAMS 0x0000000762a00000, 0x0000000762a00000| Untracked 
|  22|0x0000000762c00000, 0x0000000762c00000, 0x0000000762e00000|  0%| F|  |TAMS 0x0000000762c00000, 0x0000000762c00000| Untracked 
|  23|0x0000000762e00000, 0x0000000762e00000, 0x0000000763000000|  0%| F|  |TAMS 0x0000000762e00000, 0x0000000762e00000| Untracked 
|  24|0x0000000763000000, 0x0000000763000000, 0x0000000763200000|  0%| F|  |TAMS 0x0000000763000000, 0x0000000763000000| Untracked 
|  25|0x0000000763200000, 0x0000000763200000, 0x0000000763400000|  0%| F|  |TAMS 0x0000000763200000, 0x0000000763200000| Untracked 
|  26|0x0000000763400000, 0x0000000763400000, 0x0000000763600000|  0%| F|  |TAMS 0x0000000763400000, 0x0000000763400000| Untracked 
|  27|0x0000000763600000, 0x0000000763600000, 0x0000000763800000|  0%| F|  |TAMS 0x0000000763600000, 0x0000000763600000| Untracked 
|  28|0x0000000763800000, 0x0000000763800000, 0x0000000763a00000|  0%| F|  |TAMS 0x0000000763800000, 0x0000000763800000| Untracked 
|  29|0x0000000763a00000, 0x0000000763b0d3e0, 0x0000000763c00000| 52%| E|CS|TAMS 0x0000000763a00000, 0x0000000763b0d3e0| Complete 
|  30|0x0000000763c00000, 0x0000000763e00000, 0x0000000763e00000|100%| E|CS|TAMS 0x0000000763c00000, 0x0000000763e00000| Complete 
|  31|0x0000000763e00000, 0x0000000764000000, 0x0000000764000000|100%| E|CS|TAMS 0x0000000763e00000, 0x0000000764000000| Complete 
|  32|0x0000000764000000, 0x0000000764000000, 0x0000000764200000|  0%| F|  |TAMS 0x0000000764000000, 0x0000000764000000| Untracked 
|  33|0x0000000764200000, 0x0000000764200000, 0x0000000764400000|  0%| F|  |TAMS 0x0000000764200000, 0x0000000764200000| Untracked 
|  34|0x0000000764400000, 0x0000000764400000, 0x0000000764600000|  0%| F|  |TAMS 0x0000000764400000, 0x0000000764400000| Untracked 
|  35|0x0000000764600000, 0x0000000764600000, 0x0000000764800000|  0%| F|  |TAMS 0x0000000764600000, 0x0000000764600000| Untracked 
|  36|0x0000000764800000, 0x0000000764800000, 0x0000000764a00000|  0%| F|  |TAMS 0x0000000764800000, 0x0000000764800000| Untracked 
|  37|0x0000000764a00000, 0x0000000764a00000, 0x0000000764c00000|  0%| F|  |TAMS 0x0000000764a00000, 0x0000000764a00000| Untracked 
|  38|0x0000000764c00000, 0x0000000764c00000, 0x0000000764e00000|  0%| F|  |TAMS 0x0000000764c00000, 0x0000000764c00000| Untracked 
|  39|0x0000000764e00000, 0x0000000764e00000, 0x0000000765000000|  0%| F|  |TAMS 0x0000000764e00000, 0x0000000764e00000| Untracked 
|  40|0x0000000765000000, 0x0000000765000000, 0x0000000765200000|  0%| F|  |TAMS 0x0000000765000000, 0x0000000765000000| Untracked 
|  41|0x0000000765200000, 0x0000000765200000, 0x0000000765400000|  0%| F|  |TAMS 0x0000000765200000, 0x0000000765200000| Untracked 
|  42|0x0000000765400000, 0x0000000765400000, 0x0000000765600000|  0%| F|  |TAMS 0x0000000765400000, 0x0000000765400000| Untracked 
|  43|0x0000000765600000, 0x0000000765600000, 0x0000000765800000|  0%| F|  |TAMS 0x0000000765600000, 0x0000000765600000| Untracked 
|  44|0x0000000765800000, 0x0000000765800000, 0x0000000765a00000|  0%| F|  |TAMS 0x0000000765800000, 0x0000000765800000| Untracked 
|  45|0x0000000765a00000, 0x0000000765a00000, 0x0000000765c00000|  0%| F|  |TAMS 0x0000000765a00000, 0x0000000765a00000| Untracked 
|  46|0x0000000765c00000, 0x0000000765c00000, 0x0000000765e00000|  0%| F|  |TAMS 0x0000000765c00000, 0x0000000765c00000| Untracked 
|  47|0x0000000765e00000, 0x0000000765e00000, 0x0000000766000000|  0%| F|  |TAMS 0x0000000765e00000, 0x0000000765e00000| Untracked 
|  48|0x0000000766000000, 0x0000000766000000, 0x0000000766200000|  0%| F|  |TAMS 0x0000000766000000, 0x0000000766000000| Untracked 
|  49|0x0000000766200000, 0x0000000766200000, 0x0000000766400000|  0%| F|  |TAMS 0x0000000766200000, 0x0000000766200000| Untracked 
|  50|0x0000000766400000, 0x0000000766400000, 0x0000000766600000|  0%| F|  |TAMS 0x0000000766400000, 0x0000000766400000| Untracked 
|  51|0x0000000766600000, 0x0000000766600000, 0x0000000766800000|  0%| F|  |TAMS 0x0000000766600000, 0x0000000766600000| Untracked 
|  52|0x0000000766800000, 0x0000000766800000, 0x0000000766a00000|  0%| F|  |TAMS 0x0000000766800000, 0x0000000766800000| Untracked 
|  53|0x0000000766a00000, 0x0000000766a00000, 0x0000000766c00000|  0%| F|  |TAMS 0x0000000766a00000, 0x0000000766a00000| Untracked 
|  54|0x0000000766c00000, 0x0000000766c00000, 0x0000000766e00000|  0%| F|  |TAMS 0x0000000766c00000, 0x0000000766c00000| Untracked 
|  55|0x0000000766e00000, 0x0000000766e00000, 0x0000000767000000|  0%| F|  |TAMS 0x0000000766e00000, 0x0000000766e00000| Untracked 
|  56|0x0000000767000000, 0x0000000767000000, 0x0000000767200000|  0%| F|  |TAMS 0x0000000767000000, 0x0000000767000000| Untracked 
|  57|0x0000000767200000, 0x0000000767200000, 0x0000000767400000|  0%| F|  |TAMS 0x0000000767200000, 0x0000000767200000| Untracked 
|  58|0x0000000767400000, 0x0000000767400000, 0x0000000767600000|  0%| F|  |TAMS 0x0000000767400000, 0x0000000767400000| Untracked 
|  59|0x0000000767600000, 0x0000000767600000, 0x0000000767800000|  0%| F|  |TAMS 0x0000000767600000, 0x0000000767600000| Untracked 
|  60|0x0000000767800000, 0x0000000767800000, 0x0000000767a00000|  0%| F|  |TAMS 0x0000000767800000, 0x0000000767800000| Untracked 
|  61|0x0000000767a00000, 0x0000000767a00000, 0x0000000767c00000|  0%| F|  |TAMS 0x0000000767a00000, 0x0000000767a00000| Untracked 
|  62|0x0000000767c00000, 0x0000000767c00000, 0x0000000767e00000|  0%| F|  |TAMS 0x0000000767c00000, 0x0000000767c00000| Untracked 
|  63|0x0000000767e00000, 0x0000000767e00000, 0x0000000768000000|  0%| F|  |TAMS 0x0000000767e00000, 0x0000000767e00000| Untracked 
|  64|0x0000000768000000, 0x0000000768000000, 0x0000000768200000|  0%| F|  |TAMS 0x0000000768000000, 0x0000000768000000| Untracked 
|  65|0x0000000768200000, 0x0000000768200000, 0x0000000768400000|  0%| F|  |TAMS 0x0000000768200000, 0x0000000768200000| Untracked 
|  66|0x0000000768400000, 0x0000000768400000, 0x0000000768600000|  0%| F|  |TAMS 0x0000000768400000, 0x0000000768400000| Untracked 
|  67|0x0000000768600000, 0x0000000768600000, 0x0000000768800000|  0%| F|  |TAMS 0x0000000768600000, 0x0000000768600000| Untracked 
|  68|0x0000000768800000, 0x0000000768800000, 0x0000000768a00000|  0%| F|  |TAMS 0x0000000768800000, 0x0000000768800000| Untracked 
|  69|0x0000000768a00000, 0x0000000768a00000, 0x0000000768c00000|  0%| F|  |TAMS 0x0000000768a00000, 0x0000000768a00000| Untracked 
|  70|0x0000000768c00000, 0x0000000768c00000, 0x0000000768e00000|  0%| F|  |TAMS 0x0000000768c00000, 0x0000000768c00000| Untracked 
|  71|0x0000000768e00000, 0x0000000768e00000, 0x0000000769000000|  0%| F|  |TAMS 0x0000000768e00000, 0x0000000768e00000| Untracked 
|  72|0x0000000769000000, 0x0000000769000000, 0x0000000769200000|  0%| F|  |TAMS 0x0000000769000000, 0x0000000769000000| Untracked 
|  73|0x0000000769200000, 0x0000000769200000, 0x0000000769400000|  0%| F|  |TAMS 0x0000000769200000, 0x0000000769200000| Untracked 
|  74|0x0000000769400000, 0x0000000769400000, 0x0000000769600000|  0%| F|  |TAMS 0x0000000769400000, 0x0000000769400000| Untracked 
|  75|0x0000000769600000, 0x0000000769793260, 0x0000000769800000| 78%| S|  |TAMS 0x0000000769600000, 0x0000000769600000| Complete 
|  76|0x0000000769800000, 0x0000000769a00000, 0x0000000769a00000|100%| S|  |TAMS 0x0000000769800000, 0x0000000769800000| Complete 
|  77|0x0000000769a00000, 0x0000000769c00000, 0x0000000769c00000|100%| S|  |TAMS 0x0000000769a00000, 0x0000000769a00000| Complete 
|  78|0x0000000769c00000, 0x0000000769e00000, 0x0000000769e00000|100%| E|CS|TAMS 0x0000000769c00000, 0x0000000769e00000| Complete 
|  79|0x0000000769e00000, 0x000000076a000000, 0x000000076a000000|100%| E|CS|TAMS 0x0000000769e00000, 0x000000076a000000| Complete 
| 766|0x00000007bfc00000, 0x00000007bfd51000, 0x00000007bfe00000| 65%|OA|  |TAMS 0x00000007bfc00000, 0x00000007bfd51000| Untracked 
| 767|0x00000007bfe00000, 0x00000007bfe79000, 0x00000007c0000000| 23%|CA|  |TAMS 0x00000007bfe00000, 0x00000007bfe79000| Untracked 

Card table byte_map: [0x000000010a0e5000,0x000000010a5e5000] _byte_map_base: 0x00000001065e5000

Marking Bits (Prev, Next): (CMBitMap*) 0x00007fe87300a410, (CMBitMap*) 0x00007fe87300a450
 Prev Bits: [0x000000010aae5000, 0x000000010d2e5000)
 Next Bits: [0x000000010d2e5000, 0x000000010fae5000)

Polling page: 0x0000000107d8e000

Metaspace:

Usage:
  Non-class:     17.95 MB capacity,    17.77 MB (>99%) used,   148.05 KB ( <1%) free+waste,    29.69 KB ( <1%) overhead. 
      Class:      2.57 MB capacity,     2.47 MB ( 96%) used,    94.13 KB (  4%) free+waste,    12.00 KB ( <1%) overhead. 
       Both:     20.52 MB capacity,    20.24 MB ( 99%) used,   242.19 KB (  1%) free+waste,    41.69 KB ( <1%) overhead. 

Virtual space:
  Non-class space:       20.00 MB reserved,      18.17 MB ( 91%) committed 
      Class space:        1.00 GB reserved,       2.62 MB ( <1%) committed 
             Both:        1.02 GB reserved,      20.80 MB (  2%) committed 

Chunk freelists:
   Non-Class:  213.00 KB
       Class:  7.00 KB
        Both:  220.00 KB

MaxMetaspaceSize: 17179869184.00 GB
CompressedClassSpaceSize: 1.00 GB

CodeHeap 'non-profiled nmethods': size=120032Kb used=962Kb max_used=962Kb free=119069Kb
 bounds [0x000000012041b000, 0x000000012068b000, 0x0000000127953000]
CodeHeap 'profiled nmethods': size=120028Kb used=5854Kb max_used=5854Kb free=114173Kb
 bounds [0x0000000118ee4000, 0x00000001194a4000, 0x000000012041b000]
CodeHeap 'non-nmethods': size=5700Kb used=1203Kb max_used=1233Kb free=4496Kb
 bounds [0x0000000118953000, 0x0000000118bc3000, 0x0000000118ee4000]
 total_blobs=3305 nmethods=2838 adapters=379
 compilation: enabled
              stopped_count=0, restarted_count=0
 full_count=0

Compilation events (20 events):
Event: 6.117 Thread 0x00007fe87308b400 nmethod 2844 0x0000000119490790 code [0x0000000119490960, 0x0000000119490de0]
Event: 6.117 Thread 0x00007fe87308b400 2849       3       org.springframework.asm.SymbolTable::addType (81 bytes)
Event: 6.118 Thread 0x00007fe87308b400 nmethod 2849 0x0000000119490f90 code [0x0000000119491180, 0x00000001194916b0]
Event: 6.118 Thread 0x00007fe87308b400 2843       3       org.springframework.cglib.core.TypeUtils::isStatic (13 bytes)
Event: 6.118 Thread 0x00007fe87308b400 nmethod 2843 0x0000000119491990 code [0x0000000119491b20, 0x0000000119491c50]
Event: 6.118 Thread 0x00007fe87308b400 2841       3       org.springframework.asm.Type::getDescriptor (93 bytes)
Event: 6.119 Thread 0x00007fe87308b400 nmethod 2841 0x0000000119491d10 code [0x0000000119491f60, 0x00000001194926a0]
Event: 6.119 Thread 0x00007fe87308b400 2847       3       org.springframework.asm.Frame::getAbstractTypeFromDescriptor (415 bytes)
Event: 6.122 Thread 0x00007fe87308b400 nmethod 2847 0x0000000119492990 code [0x0000000119492d00, 0x00000001194947b0]
Event: 6.122 Thread 0x00007fe87308b400 2853       3       org.springframework.beans.factory.support.AbstractBeanFactory::isTypeMatch (607 bytes)
Event: 6.125 Thread 0x00007fe872859000 nmethod 2836 0x000000012050ae10 code [0x000000012050afa0, 0x000000012050b4f8]
Event: 6.125 Thread 0x00007fe872859000 2850       4       org.springframework.asm.ClassReader::readUTF8 (23 bytes)
Event: 6.128 Thread 0x00007fe872859000 nmethod 2850 0x000000012050b790 code [0x000000012050b920, 0x000000012050ba48]
Event: 6.128 Thread 0x00007fe872859000 2855       4       org.springframework.beans.factory.support.AbstractAutowireCapableBeanFactory::determineTargetType (60 bytes)
Event: 6.129 Thread 0x00007fe87308b400 nmethod 2853 0x0000000119495090 code [0x0000000119495640, 0x000000011949a070]
Event: 6.129 Thread 0x00007fe87308b400 2839       3       org.springframework.core.annotation.AnnotationsProcessor::finish (2 bytes)
Event: 6.129 Thread 0x00007fe87308b400 nmethod 2839 0x000000011949b090 code [0x000000011949b220, 0x000000011949b310]
Event: 6.129 Thread 0x00007fe87308b400 2851       3       java.util.concurrent.CopyOnWriteArrayList::iterator (13 bytes)
Event: 6.130 Thread 0x00007fe87308b400 nmethod 2851 0x000000011949b390 code [0x000000011949b540, 0x000000011949b7d0]
Event: 6.130 Thread 0x00007fe87308b400 2857       3       org.springframework.util.PropertyPlaceholderHelper::parseStringValue (423 bytes)

GC Heap History (9 events):
Event: 1.425 GC heap before
{Heap before GC invocations=0 (full 0):
 garbage-first heap   total 167936K, used 12072K [0x0000000760000000, 0x0000000800000000)
  region size 2048K, 6 young (12288K), 0 survivors (0K)
 Metaspace       used 2842K, capacity 5335K, committed 5376K, reserved 1056768K
  class space    used 280K, capacity 497K, committed 512K, reserved 1048576K
}
Event: 1.436 GC heap after
{Heap after GC invocations=1 (full 0):
 garbage-first heap   total 167936K, used 7012K [0x0000000760000000, 0x0000000800000000)
  region size 2048K, 1 young (2048K), 1 survivors (2048K)
 Metaspace       used 2842K, capacity 5335K, committed 5376K, reserved 1056768K
  class space    used 280K, capacity 497K, committed 512K, reserved 1048576K
}
Event: 2.103 GC heap before
{Heap before GC invocations=1 (full 0):
 garbage-first heap   total 167936K, used 15204K [0x0000000760000000, 0x0000000800000000)
  region size 2048K, 5 young (10240K), 1 survivors (2048K)
 Metaspace       used 5551K, capacity 6984K, committed 7168K, reserved 1056768K
  class space    used 625K, capacity 746K, committed 768K, reserved 1048576K
}
Event: 2.110 GC heap after
{Heap after GC invocations=2 (full 0):
 garbage-first heap   total 167936K, used 7794K [0x0000000760000000, 0x0000000800000000)
  region size 2048K, 1 young (2048K), 1 survivors (2048K)
 Metaspace       used 5551K, capacity 6984K, committed 7168K, reserved 1056768K
  class space    used 625K, capacity 746K, committed 768K, reserved 1048576K
}
Event: 3.356 GC heap before
{Heap before GC invocations=2 (full 0):
 garbage-first heap   total 167936K, used 28274K [0x0000000760000000, 0x0000000800000000)
  region size 2048K, 12 young (24576K), 1 survivors (2048K)
 Metaspace       used 11427K, capacity 11957K, committed 12288K, reserved 1060864K
  class space    used 1349K, capacity 1404K, committed 1536K, reserved 1048576K
}
Event: 3.362 GC heap after
{Heap after GC invocations=3 (full 0):
 garbage-first heap   total 167936K, used 8848K [0x0000000760000000, 0x0000000800000000)
  region size 2048K, 1 young (2048K), 1 survivors (2048K)
 Metaspace       used 11427K, capacity 11957K, committed 12288K, reserved 1060864K
  class space    used 1349K, capacity 1404K, committed 1536K, reserved 1048576K
}
Event: 5.994 GC heap before
{Heap before GC invocations=3 (full 0):
 garbage-first heap   total 167936K, used 103056K [0x0000000760000000, 0x0000000800000000)
  region size 2048K, 48 young (98304K), 1 survivors (2048K)
 Metaspace       used 20014K, capacity 20372K, committed 20864K, reserved 1067008K
  class space    used 2449K, capacity 2569K, committed 2688K, reserved 1048576K
}
Event: 6.008 GC heap after
{Heap after GC invocations=4 (full 0):
 garbage-first heap   total 167936K, used 12177K [0x0000000760000000, 0x0000000800000000)
  region size 2048K, 3 young (6144K), 3 survivors (6144K)
 Metaspace       used 20014K, capacity 20372K, committed 20864K, reserved 1067008K
  class space    used 2449K, capacity 2569K, committed 2688K, reserved 1048576K
}
Event: 6.135 GC heap before
{Heap before GC invocations=4 (full 0):
 garbage-first heap   total 167936K, used 14225K [0x0000000760000000, 0x0000000800000000)
  region size 2048K, 5 young (10240K), 3 survivors (6144K)
 Metaspace       used 20728K, capacity 21012K, committed 21296K, reserved 1069056K
  class space    used 2526K, capacity 2633K, committed 2688K, reserved 1048576K
}

Deoptimization events (20 events):
Event: 5.615 Thread 0x00007fe872812e00 Uncommon trap: trap_request=0xffffffde fr.pc=0x00000001204e75a4 relative=0x00000000000008a4
Event: 5.615 Thread 0x00007fe872812e00 Uncommon trap: reason=class_check action=maybe_recompile pc=0x00000001204e75a4 method=org.springframework.util.ConcurrentReferenceHashMap$Segment.findInChain(Lorg/springframework/util/ConcurrentReferenceHashMap$Reference;Ljava/lang/Object;I)Lorg/springfra
Event: 5.615 Thread 0x00007fe872812e00 DEOPT PACKING pc=0x00000001204e75a4 sp=0x0000000107d7dc80
Event: 5.615 Thread 0x00007fe872812e00 DEOPT UNPACKING pc=0x00000001189a1125 sp=0x0000000107d7dab8 mode 2
Event: 5.629 Thread 0x00007fe872812e00 Uncommon trap: trap_request=0xffffffde fr.pc=0x00000001204e75a4 relative=0x00000000000008a4
Event: 5.629 Thread 0x00007fe872812e00 Uncommon trap: reason=class_check action=maybe_recompile pc=0x00000001204e75a4 method=org.springframework.util.ConcurrentReferenceHashMap$Segment.findInChain(Lorg/springframework/util/ConcurrentReferenceHashMap$Reference;Ljava/lang/Object;I)Lorg/springfra
Event: 5.629 Thread 0x00007fe872812e00 DEOPT PACKING pc=0x00000001204e75a4 sp=0x0000000107d7dc80
Event: 5.629 Thread 0x00007fe872812e00 DEOPT UNPACKING pc=0x00000001189a1125 sp=0x0000000107d7dab8 mode 2
Event: 5.632 Thread 0x00007fe872812e00 Uncommon trap: trap_request=0xffffffde fr.pc=0x00000001204e75a4 relative=0x00000000000008a4
Event: 5.632 Thread 0x00007fe872812e00 Uncommon trap: reason=class_check action=maybe_recompile pc=0x00000001204e75a4 method=org.springframework.util.ConcurrentReferenceHashMap$Segment.findInChain(Lorg/springframework/util/ConcurrentReferenceHashMap$Reference;Ljava/lang/Object;I)Lorg/springfra
Event: 5.632 Thread 0x00007fe872812e00 DEOPT PACKING pc=0x00000001204e75a4 sp=0x0000000107d7dc80
Event: 5.632 Thread 0x00007fe872812e00 DEOPT UNPACKING pc=0x00000001189a1125 sp=0x0000000107d7dab8 mode 2
Event: 5.635 Thread 0x00007fe872812e00 Uncommon trap: trap_request=0xffffffde fr.pc=0x00000001204e75a4 relative=0x00000000000008a4
Event: 5.635 Thread 0x00007fe872812e00 Uncommon trap: reason=class_check action=maybe_recompile pc=0x00000001204e75a4 method=org.springframework.util.ConcurrentReferenceHashMap$Segment.findInChain(Lorg/springframework/util/ConcurrentReferenceHashMap$Reference;Ljava/lang/Object;I)Lorg/springfra
Event: 5.635 Thread 0x00007fe872812e00 DEOPT PACKING pc=0x00000001204e75a4 sp=0x0000000107d7dc80
Event: 5.635 Thread 0x00007fe872812e00 DEOPT UNPACKING pc=0x00000001189a1125 sp=0x0000000107d7dab8 mode 2
Event: 6.119 Thread 0x00007fe872812e00 Uncommon trap: trap_request=0xffffff45 fr.pc=0x000000012050216c relative=0x000000000000378c
Event: 6.119 Thread 0x00007fe872812e00 Uncommon trap: reason=unstable_if action=reinterpret pc=0x000000012050216c method=org.springframework.beans.factory.support.AbstractAutowireCapableBeanFactory.predictBeanType(Ljava/lang/String;Lorg/springframework/beans/factory/support/RootBeanDefinition;
Event: 6.119 Thread 0x00007fe872812e00 DEOPT PACKING pc=0x000000012050216c sp=0x0000000107d7e2a0
Event: 6.119 Thread 0x00007fe872812e00 DEOPT UNPACKING pc=0x00000001189a1125 sp=0x0000000107d7e1b0 mode 2

Classes unloaded (0 events):
No events

Classes redefined (0 events):
No events

Internal exceptions (20 events):
Event: 3.655 Thread 0x00007fe874176a00 Exception <a 'java/lang/IncompatibleClassChangeError'{0x00000007698c11c8}: Found class java.lang.Object, but interface was expected> (0x00000007698c11c8) 
thrown [./open/src/hotspot/share/interpreter/linkResolver.cpp, line 848]
Event: 3.739 Thread 0x00007fe874176a00 Exception <a 'java/lang/NoSuchMethodError'{0x000000076962caf0}: 'java.lang.Object java.lang.invoke.DirectMethodHandle$Holder.invokeVirtual(java.lang.Object, java.lang.Object, java.lang.Object, java.lang.Object)'> (0x000000076962caf0) 
thrown [./open/src/hotspot/share/interpreter/linkResolver.cpp, line 782]
Event: 3.825 Thread 0x00007fe872812e00 Exception <a 'java/lang/ClassNotFoundException'{0x000000076944b8a0}: java/lang/ObjectCustomizer> (0x000000076944b8a0) 
thrown [./open/src/hotspot/share/classfile/systemDictionary.cpp, line 295]
Event: 3.830 Thread 0x00007fe872812e00 Exception <a 'java/lang/IncompatibleClassChangeError'{0x00000007694507c8}: Found class java.lang.Object, but interface was expected> (0x00000007694507c8) 
thrown [./open/src/hotspot/share/interpreter/linkResolver.cpp, line 848]
Event: 3.844 Thread 0x00007fe872812e00 Exception <a 'java/lang/ClassNotFoundException'{0x000000076947d218}: org/springframework/context/annotation/ConfigurationClassPostProcessorCustomizer> (0x000000076947d218) 
thrown [./open/src/hotspot/share/classfile/systemDictionary.cpp, line 295]
Event: 3.861 Thread 0x00007fe872812e00 Exception <a 'java/lang/ClassNotFoundException'{0x00000007694cade8}: org/springframework/beans/factory/support/BeanDefinitionRegistryPostProcessorCustomizer> (0x00000007694cade8) 
thrown [./open/src/hotspot/share/classfile/systemDictionary.cpp, line 295]
Event: 3.861 Thread 0x00007fe872812e00 Exception <a 'java/lang/ClassNotFoundException'{0x00000007694cf2b0}: org/springframework/beans/factory/config/BeanFactoryPostProcessorCustomizer> (0x00000007694cf2b0) 
thrown [./open/src/hotspot/share/classfile/systemDictionary.cpp, line 295]
Event: 3.862 Thread 0x00007fe872812e00 Exception <a 'java/lang/ClassNotFoundException'{0x00000007694d3798}: org/springframework/core/PriorityOrderedCustomizer> (0x00000007694d3798) 
thrown [./open/src/hotspot/share/classfile/systemDictionary.cpp, line 295]
Event: 3.862 Thread 0x00007fe872812e00 Exception <a 'java/lang/ClassNotFoundException'{0x00000007694d6958}: org/springframework/core/OrderedCustomizer> (0x00000007694d6958) 
thrown [./open/src/hotspot/share/classfile/systemDictionary.cpp, line 295]
Event: 3.863 Thread 0x00007fe872812e00 Exception <a 'java/lang/ClassNotFoundException'{0x00000007694dac00}: org/springframework/context/ResourceLoaderAwareCustomizer> (0x00000007694dac00) 
thrown [./open/src/hotspot/share/classfile/systemDictionary.cpp, line 295]
Event: 3.864 Thread 0x00007fe872812e00 Exception <a 'java/lang/ClassNotFoundException'{0x00000007694df060}: org/springframework/beans/factory/AwareCustomizer> (0x00000007694df060) 
thrown [./open/src/hotspot/share/classfile/systemDictionary.cpp, line 295]
Event: 3.864 Thread 0x00007fe872812e00 Exception <a 'java/lang/ClassNotFoundException'{0x00000007694e2460}: org/springframework/beans/factory/BeanClassLoaderAwareCustomizer> (0x00000007694e2460) 
thrown [./open/src/hotspot/share/classfile/systemDictionary.cpp, line 295]
Event: 3.865 Thread 0x00007fe872812e00 Exception <a 'java/lang/ClassNotFoundException'{0x00000007694e68d8}: org/springframework/beans/factory/AwareCustomizer> (0x00000007694e68d8) 
thrown [./open/src/hotspot/share/classfile/systemDictionary.cpp, line 295]
Event: 3.865 Thread 0x00007fe872812e00 Exception <a 'java/lang/ClassNotFoundException'{0x00000007694e9ab8}: org/springframework/context/EnvironmentAwareCustomizer> (0x00000007694e9ab8) 
thrown [./open/src/hotspot/share/classfile/systemDictionary.cpp, line 295]
Event: 3.866 Thread 0x00007fe872812e00 Exception <a 'java/lang/ClassNotFoundException'{0x00000007694ede80}: org/springframework/beans/factory/AwareCustomizer> (0x00000007694ede80) 
thrown [./open/src/hotspot/share/classfile/systemDictionary.cpp, line 295]
Event: 4.304 Thread 0x00007fe872812e00 Exception <a 'java/lang/NoSuchMethodError'{0x0000000768c7cd80}: 'int java.lang.invoke.DirectMethodHandle$Holder.invokeSpecialIFC(java.lang.Object, java.lang.Object, java.lang.Object, java.lang.Object)'> (0x0000000768c7cd80) 
thrown [./open/src/hotspot/share/interpreter/linkResolver.cpp, line 782]
Event: 4.482 Thread 0x00007fe872812e00 Exception <a 'java/lang/IncompatibleClassChangeError'{0x00000007665d3718}: Found class java.lang.Object, but interface was expected> (0x00000007665d3718) 
thrown [./open/src/hotspot/share/interpreter/linkResolver.cpp, line 848]
Event: 4.533 Thread 0x00007fe872812e00 Exception <a 'java/lang/NoSuchMethodError'{0x0000000766348b38}: 'void java.lang.invoke.DirectMethodHandle$Holder.invokeInterface(java.lang.Object, java.lang.Object, java.lang.Object, java.lang.Object)'> (0x0000000766348b38) 
thrown [./open/src/hotspot/share/interpreter/linkResolver.cpp, line 782]
Event: 5.618 Thread 0x00007fe872812e00 Exception <a 'java/lang/NoSuchMethodError'{0x0000000764669210}: 'java.lang.Object java.lang.invoke.DirectMethodHandle$Holder.invokeStatic(java.lang.Object, java.lang.Object, java.lang.Object, java.lang.Object, int)'> (0x0000000764669210) 
thrown [./open/src/hotspot/share/interpreter/linkResolver.cpp, line 782]
Event: 5.673 Thread 0x00007fe872812e00 Exception <a 'java/lang/NoSuchMethodError'{0x00000007647aa2e0}: 'java.lang.Object java.lang.invoke.DirectMethodHandle$Holder.invokeSpecialIFC(java.lang.Object, java.lang.Object, java.lang.Object, java.lang.Object)'> (0x00000007647aa2e0) 
thrown [./open/src/hotspot/share/interpreter/linkResolver.cpp, line 782]

Events (20 events):
Event: 6.008 Executing VM operation: G1CollectForAllocation done
Event: 6.009 loading class java/util/concurrent/FutureTask
Event: 6.009 loading class java/util/concurrent/RunnableFuture
Event: 6.009 loading class java/util/concurrent/RunnableFuture done
Event: 6.009 loading class java/util/concurrent/FutureTask done
Event: 6.009 loading class java/util/concurrent/FutureTask$WaitNode
Event: 6.009 loading class java/util/concurrent/FutureTask$WaitNode done
Event: 6.011 Executing VM operation: HandshakeAllThreads
Event: 6.011 Executing VM operation: HandshakeAllThreads done
Event: 6.074 loading class java/util/DualPivotQuicksort
Event: 6.074 loading class java/util/DualPivotQuicksort done
Event: 6.079 loading class jdk/internal/reflect/UnsafeStaticObjectFieldAccessorImpl
Event: 6.079 loading class jdk/internal/reflect/UnsafeStaticObjectFieldAccessorImpl done
Event: 6.091 loading class sun/reflect/generics/tree/VoidDescriptor
Event: 6.091 loading class sun/reflect/generics/tree/VoidDescriptor done
Event: 6.092 loading class java/lang/reflect/AnnotatedType
Event: 6.092 loading class java/lang/reflect/AnnotatedType done
Event: 6.099 Executing VM operation: HandshakeAllThreads
Event: 6.099 Executing VM operation: HandshakeAllThreads done
Event: 6.135 Executing VM operation: CollectForMetadataAllocation


Dynamic libraries:
0x00007fff6d671000 	/usr/lib/libz.1.dylib
0x0000000107c4b000 	/Library/Java/JavaVirtualMachines/jdk-15.0.1.jdk/Contents/Home/lib/libjli.dylib
0x00007fff4504b000 	/System/Library/Frameworks/Cocoa.framework/Versions/A/Cocoa
0x00007fff516ae000 	/System/Library/Frameworks/Security.framework/Versions/A/Security
0x00007fff43c89000 	/System/Library/Frameworks/ApplicationServices.framework/Versions/A/ApplicationServices
0x00007fff6b51f000 	/usr/lib/libSystem.B.dylib
0x00007fff6d71f000 	/usr/lib/system/libcache.dylib
0x00007fff6d724000 	/usr/lib/system/libcommonCrypto.dylib
0x00007fff6d72f000 	/usr/lib/system/libcompiler_rt.dylib
0x00007fff6d737000 	/usr/lib/system/libcopyfile.dylib
0x00007fff6d741000 	/usr/lib/system/libcorecrypto.dylib
0x00007fff6d84e000 	/usr/lib/system/libdispatch.dylib
0x00007fff6d888000 	/usr/lib/system/libdyld.dylib
0x00007fff6d8a6000 	/usr/lib/system/libkeymgr.dylib
0x00007fff6d8b4000 	/usr/lib/system/liblaunch.dylib
0x00007fff6d8b5000 	/usr/lib/system/libmacho.dylib
0x00007fff6d8ba000 	/usr/lib/system/libquarantine.dylib
0x00007fff6d8bd000 	/usr/lib/system/libremovefile.dylib
0x00007fff6d8bf000 	/usr/lib/system/libsystem_asl.dylib
0x00007fff6d8d7000 	/usr/lib/system/libsystem_blocks.dylib
0x00007fff6d8d8000 	/usr/lib/system/libsystem_c.dylib
0x00007fff6d962000 	/usr/lib/system/libsystem_configuration.dylib
0x00007fff6d966000 	/usr/lib/system/libsystem_coreservices.dylib
0x00007fff6d96a000 	/usr/lib/system/libsystem_darwin.dylib
0x00007fff6d96c000 	/usr/lib/system/libsystem_dnssd.dylib
0x00007fff6d973000 	/usr/lib/system/libsystem_info.dylib
0x00007fff6d9e4000 	/usr/lib/system/libsystem_m.dylib
0x00007fff6da30000 	/usr/lib/system/libsystem_malloc.dylib
0x00007fff6da50000 	/usr/lib/system/libsystem_network.dylib
0x00007fff6db81000 	/usr/lib/system/libsystem_networkextension.dylib
0x00007fff6db8c000 	/usr/lib/system/libsystem_notify.dylib
0x00007fff6dbaa000 	/usr/lib/system/libsystem_sandbox.dylib
0x00007fff6dbae000 	/usr/lib/system/libsystem_secinit.dylib
0x00007fff6d9bd000 	/usr/lib/system/libsystem_kernel.dylib
0x00007fff6db96000 	/usr/lib/system/libsystem_platform.dylib
0x00007fff6db9e000 	/usr/lib/system/libsystem_pthread.dylib
0x00007fff6dbb0000 	/usr/lib/system/libsystem_symptoms.dylib
0x00007fff6dbb8000 	/usr/lib/system/libsystem_trace.dylib
0x00007fff6dbce000 	/usr/lib/system/libunwind.dylib
0x00007fff6dbd4000 	/usr/lib/system/libxpc.dylib
0x00007fff6afe5000 	/usr/lib/closure/libclosured.dylib
0x00007fff6cc5a000 	/usr/lib/libobjc.A.dylib
0x00007fff6b82e000 	/usr/lib/libc++abi.dylib
0x00007fff6b7d7000 	/usr/lib/libc++.1.dylib
0x00007fff4580c000 	/System/Library/Frameworks/CoreFoundation.framework/Versions/A/CoreFoundation
0x00007fff47988000 	/System/Library/Frameworks/Foundation.framework/Versions/C/Foundation
0x00007fff42dd9000 	/System/Library/Frameworks/AppKit.framework/Versions/C/AppKit
0x00007fff453c3000 	/System/Library/Frameworks/CoreData.framework/Versions/A/CoreData
0x00007fff64dd2000 	/System/Library/PrivateFrameworks/RemoteViewServices.framework/Versions/A/RemoteViewServices
0x00007fff69550000 	/System/Library/PrivateFrameworks/UIFoundation.framework/Versions/A/UIFoundation
0x00007fff59bc7000 	/System/Library/PrivateFrameworks/DFRFoundation.framework/Versions/A/DFRFoundation
0x00007fff4a00d000 	/System/Library/Frameworks/Metal.framework/Versions/A/Metal
0x00007fff59d64000 	/System/Library/PrivateFrameworks/DesktopServicesPriv.framework/Versions/A/DesktopServicesPriv
0x00007fff6c1a7000 	/usr/lib/libenergytrace.dylib
0x00007fff675ba000 	/System/Library/PrivateFrameworks/SkyLight.framework/Versions/A/SkyLight
0x00007fff45caa000 	/System/Library/Frameworks/CoreGraphics.framework/Versions/A/CoreGraphics
0x00007fff6b51a000 	/usr/lib/libScreenReader.dylib
0x00007fff41aeb000 	/System/Library/Frameworks/Accelerate.framework/Versions/A/Accelerate
0x00007fff48103000 	/System/Library/Frameworks/IOSurface.framework/Versions/A/IOSurface
0x00007fff441d4000 	/System/Library/Frameworks/AudioToolbox.framework/Versions/A/AudioToolbox
0x00007fff44464000 	/System/Library/Frameworks/AudioUnit.framework/Versions/A/AudioUnit
0x00007fff59c5f000 	/System/Library/PrivateFrameworks/DataDetectorsCore.framework/Versions/A/DataDetectorsCore
0x00007fff44b3e000 	/System/Library/Frameworks/Carbon.framework/Versions/A/Frameworks/HIToolbox.framework/Versions/A/HIToolbox
0x00007fff6c301000 	/usr/lib/libicucore.A.dylib
0x00007fff50c2a000 	/System/Library/Frameworks/QuartzCore.framework/Versions/A/QuartzCore
0x00007fff6685b000 	/System/Library/PrivateFrameworks/SignpostNotification.framework/Versions/A/SignpostNotification
0x00007fff44f24000 	/System/Library/Frameworks/Carbon.framework/Versions/A/Frameworks/SpeechRecognition.framework/Versions/A/SpeechRecognition
0x00007fff6b6fd000 	/usr/lib/libauto.dylib
0x00007fff6d560000 	/usr/lib/libxml2.2.dylib
0x00007fff59817000 	/System/Library/PrivateFrameworks/CoreUI.framework/Versions/A/CoreUI
0x00007fff4529f000 	/System/Library/Frameworks/CoreAudio.framework/Versions/A/CoreAudio
0x00007fff477c2000 	/System/Library/Frameworks/DiskArbitration.framework/Versions/A/DiskArbitration
0x00007fff6c575000 	/usr/lib/liblangid.dylib
0x00007fff612d2000 	/System/Library/PrivateFrameworks/MultitouchSupport.framework/Versions/A/MultitouchSupport
0x00007fff48066000 	/System/Library/Frameworks/IOKit.framework/Versions/A/IOKit
0x00007fff6b1a9000 	/usr/lib/libDiagnosticMessagesClient.dylib
0x00007fff4699f000 	/System/Library/Frameworks/CoreServices.framework/Versions/A/CoreServices
0x00007fff62e0a000 	/System/Library/PrivateFrameworks/PerformanceAnalysis.framework/Versions/A/PerformanceAnalysis
0x00007fff4fdc7000 	/System/Library/Frameworks/OpenGL.framework/Versions/A/OpenGL
0x00007fff45059000 	/System/Library/Frameworks/ColorSync.framework/Versions/A/ColorSync
0x00007fff462db000 	/System/Library/Frameworks/CoreImage.framework/Versions/A/CoreImage
0x00007fff47330000 	/System/Library/Frameworks/CoreText.framework/Versions/A/CoreText
0x00007fff48161000 	/System/Library/Frameworks/ImageIO.framework/Versions/A/ImageIO
0x00007fff564c1000 	/System/Library/PrivateFrameworks/Backup.framework/Versions/A/Backup
0x00007fff6b5cb000 	/usr/lib/libarchive.2.dylib
0x00007fff44787000 	/System/Library/Frameworks/CFNetwork.framework/Versions/A/CFNetwork
0x00007fff51e41000 	/System/Library/Frameworks/SystemConfiguration.framework/Versions/A/SystemConfiguration
0x00007fff6b0d2000 	/usr/lib/libCRFSuite.dylib
0x00007fff6b7b8000 	/usr/lib/libbsm.0.dylib
0x00007fff6d8a7000 	/usr/lib/system/libkxld.dylib
0x00007fff6b3e3000 	/usr/lib/libOpenScriptingUtil.dylib
0x00007fff6bb27000 	/usr/lib/libcoretls.dylib
0x00007fff6bb40000 	/usr/lib/libcoretls_cfhelpers.dylib
0x00007fff6d05e000 	/usr/lib/libpam.2.dylib
0x00007fff6d189000 	/usr/lib/libsqlite3.dylib
0x00007fff6d54f000 	/usr/lib/libxar.1.dylib
0x00007fff6b7c9000 	/usr/lib/libbz2.1.0.dylib
0x00007fff6c577000 	/usr/lib/liblzma.5.dylib
0x00007fff6ca58000 	/usr/lib/libnetwork.dylib
0x00007fff6b5b4000 	/usr/lib/libapple_nghttp2.dylib
0x00007fff6d065000 	/usr/lib/libpcap.A.dylib
0x00007fff6b6fe000 	/usr/lib/libboringssl.dylib
0x00007fff6d4ea000 	/usr/lib/libusrtcp.dylib
0x00007fff6b5b3000 	/usr/lib/libapple_crypto.dylib
0x00007fff46d22000 	/System/Library/Frameworks/CoreServices.framework/Versions/A/Frameworks/FSEvents.framework/Versions/A/FSEvents
0x00007fff46a15000 	/System/Library/Frameworks/CoreServices.framework/Versions/A/Frameworks/CarbonCore.framework/Versions/A/CarbonCore
0x00007fff46eea000 	/System/Library/Frameworks/CoreServices.framework/Versions/A/Frameworks/Metadata.framework/Versions/A/Metadata
0x00007fff46f9b000 	/System/Library/Frameworks/CoreServices.framework/Versions/A/Frameworks/OSServices.framework/Versions/A/OSServices
0x00007fff46ffc000 	/System/Library/Frameworks/CoreServices.framework/Versions/A/Frameworks/SearchKit.framework/Versions/A/SearchKit
0x00007fff469a0000 	/System/Library/Frameworks/CoreServices.framework/Versions/A/Frameworks/AE.framework/Versions/A/AE
0x00007fff46d2b000 	/System/Library/Frameworks/CoreServices.framework/Versions/A/Frameworks/LaunchServices.framework/Versions/A/LaunchServices
0x00007fff46ced000 	/System/Library/Frameworks/CoreServices.framework/Versions/A/Frameworks/DictionaryServices.framework/Versions/A/DictionaryServices
0x00007fff4706b000 	/System/Library/Frameworks/CoreServices.framework/Versions/A/Frameworks/SharedFileList.framework/Versions/A/SharedFileList
0x00007fff4b243000 	/System/Library/Frameworks/NetFS.framework/Versions/A/NetFS
0x00007fff61563000 	/System/Library/PrivateFrameworks/NetAuth.framework/Versions/A/NetAuth
0x00007fff6ae7c000 	/System/Library/PrivateFrameworks/login.framework/Versions/A/Frameworks/loginsupport.framework/Versions/A/loginsupport
0x00007fff691cd000 	/System/Library/PrivateFrameworks/TCC.framework/Versions/A/TCC
0x00007fff6c658000 	/usr/lib/libmecabra.dylib
0x00007fff43c8a000 	/System/Library/Frameworks/ApplicationServices.framework/Versions/A/Frameworks/ATS.framework/Versions/A/ATS
0x00007fff44039000 	/System/Library/Frameworks/ApplicationServices.framework/Versions/A/Frameworks/ColorSyncLegacy.framework/Versions/A/ColorSyncLegacy
0x00007fff440dd000 	/System/Library/Frameworks/ApplicationServices.framework/Versions/A/Frameworks/HIServices.framework/Versions/A/HIServices
0x00007fff44130000 	/System/Library/Frameworks/ApplicationServices.framework/Versions/A/Frameworks/LangAnalysis.framework/Versions/A/LangAnalysis
0x00007fff4413f000 	/System/Library/Frameworks/ApplicationServices.framework/Versions/A/Frameworks/PrintCore.framework/Versions/A/PrintCore
0x00007fff4418c000 	/System/Library/Frameworks/ApplicationServices.framework/Versions/A/Frameworks/QD.framework/Versions/A/QD
0x00007fff441c7000 	/System/Library/Frameworks/ApplicationServices.framework/Versions/A/Frameworks/SpeechSynthesis.framework/Versions/A/SpeechSynthesis
0x00007fff45728000 	/System/Library/Frameworks/CoreDisplay.framework/Versions/A/CoreDisplay
0x00007fff41b04000 	/System/Library/Frameworks/Accelerate.framework/Versions/A/Frameworks/vImage.framework/Versions/A/vImage
0x00007fff42ae5000 	/System/Library/Frameworks/Accelerate.framework/Versions/A/Frameworks/vecLib.framework/Versions/A/vecLib
0x00007fff428ba000 	/System/Library/Frameworks/Accelerate.framework/Versions/A/Frameworks/vecLib.framework/Versions/A/libvDSP.dylib
0x00007fff423f4000 	/System/Library/Frameworks/Accelerate.framework/Versions/A/Frameworks/vecLib.framework/Versions/A/libBNNS.dylib
0x00007fff42820000 	/System/Library/Frameworks/Accelerate.framework/Versions/A/Frameworks/vecLib.framework/Versions/A/libQuadrature.dylib
0x00007fff42a2e000 	/System/Library/Frameworks/Accelerate.framework/Versions/A/Frameworks/vecLib.framework/Versions/A/libvMisc.dylib
0x00007fff4242f000 	/System/Library/Frameworks/Accelerate.framework/Versions/A/Frameworks/vecLib.framework/Versions/A/libLAPACK.dylib
0x00007fff42253000 	/System/Library/Frameworks/Accelerate.framework/Versions/A/Frameworks/vecLib.framework/Versions/A/libBLAS.dylib
0x00007fff42809000 	/System/Library/Frameworks/Accelerate.framework/Versions/A/Frameworks/vecLib.framework/Versions/A/libLinearAlgebra.dylib
0x00007fff42826000 	/System/Library/Frameworks/Accelerate.framework/Versions/A/Frameworks/vecLib.framework/Versions/A/libSparse.dylib
0x00007fff428a7000 	/System/Library/Frameworks/Accelerate.framework/Versions/A/Frameworks/vecLib.framework/Versions/A/libSparseBLAS.dylib
0x00007fff5e39e000 	/System/Library/PrivateFrameworks/GPUWrangler.framework/Versions/A/GPUWrangler
0x00007fff5fb32000 	/System/Library/PrivateFrameworks/IOAccelerator.framework/Versions/A/IOAccelerator
0x00007fff5fb3d000 	/System/Library/PrivateFrameworks/IOPresentment.framework/Versions/A/IOPresentment
0x00007fff59bd9000 	/System/Library/PrivateFrameworks/DSExternalDisplay.framework/Versions/A/DSExternalDisplay
0x00007fff4f246000 	/System/Library/Frameworks/OpenGL.framework/Versions/A/Libraries/libCoreFSCache.dylib
0x00007fff47481000 	/System/Library/Frameworks/CoreVideo.framework/Versions/A/CoreVideo
0x00007fff5f119000 	/System/Library/PrivateFrameworks/GraphVisualizer.framework/Versions/A/GraphVisualizer
0x00007fff4a244000 	/System/Library/Frameworks/MetalPerformanceShaders.framework/Versions/A/MetalPerformanceShaders
0x00007fff6b1e1000 	/usr/lib/libFosl_dynamic.dylib
0x00007fff5aca8000 	/System/Library/PrivateFrameworks/FaceCore.framework/Versions/A/FaceCore
0x00007fff4e041000 	/System/Library/Frameworks/OpenCL.framework/Versions/A/OpenCL
0x00007fff6b865000 	/usr/lib/libcompression.dylib
0x00007fff43d89000 	/System/Library/Frameworks/ApplicationServices.framework/Versions/A/Frameworks/ATS.framework/Versions/A/Resources/libFontParser.dylib
0x00007fff43eac000 	/System/Library/Frameworks/ApplicationServices.framework/Versions/A/Frameworks/ATS.framework/Versions/A/Resources/libFontRegistry.dylib
0x00007fff483cd000 	/System/Library/Frameworks/ImageIO.framework/Versions/A/Resources/libJPEG.dylib
0x00007fff4870b000 	/System/Library/Frameworks/ImageIO.framework/Versions/A/Resources/libTIFF.dylib
0x00007fff486e1000 	/System/Library/Frameworks/ImageIO.framework/Versions/A/Resources/libPng.dylib
0x00007fff482e0000 	/System/Library/Frameworks/ImageIO.framework/Versions/A/Resources/libGIF.dylib
0x00007fff482e5000 	/System/Library/Frameworks/ImageIO.framework/Versions/A/Resources/libJP2.dylib
0x00007fff48708000 	/System/Library/Frameworks/ImageIO.framework/Versions/A/Resources/libRadiance.dylib
0x00007fff55beb000 	/System/Library/PrivateFrameworks/AppleJPEG.framework/Versions/A/AppleJPEG
0x00007fff4a0ab000 	/System/Library/Frameworks/MetalPerformanceShaders.framework/Frameworks/MPSCore.framework/Versions/A/MPSCore
0x00007fff4a0c7000 	/System/Library/Frameworks/MetalPerformanceShaders.framework/Frameworks/MPSImage.framework/Versions/A/MPSImage
0x00007fff4a15c000 	/System/Library/Frameworks/MetalPerformanceShaders.framework/Frameworks/MPSNeuralNetwork.framework/Versions/A/MPSNeuralNetwork
0x00007fff4a137000 	/System/Library/Frameworks/MetalPerformanceShaders.framework/Frameworks/MPSMatrix.framework/Versions/A/MPSMatrix
0x00007fff61035000 	/System/Library/PrivateFrameworks/MetalTools.framework/Versions/A/MetalTools
0x00007fff4f411000 	/System/Library/Frameworks/OpenGL.framework/Versions/A/Libraries/libGLU.dylib
0x00007fff4f251000 	/System/Library/Frameworks/OpenGL.framework/Versions/A/Libraries/libGFXShared.dylib
0x00007fff4f25b000 	/System/Library/Frameworks/OpenGL.framework/Versions/A/Libraries/libGL.dylib
0x00007fff4f267000 	/System/Library/Frameworks/OpenGL.framework/Versions/A/Libraries/libGLImage.dylib
0x00007fff4f243000 	/System/Library/Frameworks/OpenGL.framework/Versions/A/Libraries/libCVMSPluginSupport.dylib
0x00007fff4f24c000 	/System/Library/Frameworks/OpenGL.framework/Versions/A/Libraries/libCoreVMClient.dylib
0x00007fff6c012000 	/usr/lib/libcups.2.dylib
0x00007fff49612000 	/System/Library/Frameworks/Kerberos.framework/Versions/A/Kerberos
0x00007fff47dc0000 	/System/Library/Frameworks/GSS.framework/Versions/A/GSS
0x00007fff6d11c000 	/usr/lib/libresolv.9.dylib
0x00007fff6c20f000 	/usr/lib/libiconv.2.dylib
0x00007fff5f1ab000 	/System/Library/PrivateFrameworks/Heimdal.framework/Versions/A/Heimdal
0x00007fff6c1de000 	/usr/lib/libheimdal-asn1.dylib
0x00007fff4e0b9000 	/System/Library/Frameworks/OpenDirectory.framework/Versions/A/OpenDirectory
0x00007fff57f04000 	/System/Library/PrivateFrameworks/CommonAuth.framework/Versions/A/CommonAuth
0x00007fff4e09c000 	/System/Library/Frameworks/OpenDirectory.framework/Versions/A/Frameworks/CFOpenDirectory.framework/Versions/A/CFOpenDirectory
0x00007fff519da000 	/System/Library/Frameworks/SecurityFoundation.framework/Versions/A/SecurityFoundation
0x00007fff54dae000 	/System/Library/PrivateFrameworks/APFS.framework/Versions/A/APFS
0x00007fff6d54b000 	/usr/lib/libutil.dylib
0x00007fff55c6e000 	/System/Library/PrivateFrameworks/AppleSauce.framework/Versions/A/AppleSauce
0x00007fff6031a000 	/System/Library/PrivateFrameworks/LinguisticData.framework/Versions/A/LinguisticData
0x00007fff6c591000 	/usr/lib/libmarisa.dylib
0x00007fff602d4000 	/System/Library/PrivateFrameworks/Lexicon.framework/Versions/A/Lexicon
0x00007fff6b10c000 	/usr/lib/libChineseTokenizer.dylib
0x00007fff6b854000 	/usr/lib/libcmph.dylib
0x00007fff601de000 	/System/Library/PrivateFrameworks/LanguageModeling.framework/Versions/A/LanguageModeling
0x00007fff58a21000 	/System/Library/PrivateFrameworks/CoreEmoji.framework/Versions/A/CoreEmoji
0x00007fff51a98000 	/System/Library/Frameworks/ServiceManagement.framework/Versions/A/ServiceManagement
0x00007fff564b9000 	/System/Library/PrivateFrameworks/BackgroundTaskManagement.framework/Versions/A/BackgroundTaskManagement
0x00007fff6d648000 	/usr/lib/libxslt.1.dylib
0x00007fff44e4e000 	/System/Library/Frameworks/Carbon.framework/Versions/A/Frameworks/Ink.framework/Versions/A/Ink
0x00007fff693e2000 	/System/Library/PrivateFrameworks/TextureIO.framework/Versions/A/TextureIO
0x00007fff6b5f6000 	/usr/lib/libate.dylib
0x00007fff59b38000 	/System/Library/PrivateFrameworks/CrashReporterSupport.framework/Versions/A/CrashReporterSupport
0x00007fff6671b000 	/System/Library/PrivateFrameworks/Sharing.framework/Versions/A/Sharing
0x00007fff5ff1f000 	/System/Library/PrivateFrameworks/IconServices.framework/Versions/A/IconServices
0x00007fff560e9000 	/System/Library/PrivateFrameworks/AuthKit.framework/Versions/A/AuthKit
0x00007fff55a6e000 	/System/Library/PrivateFrameworks/Apple80211.framework/Versions/A/Apple80211
0x00007fff5994d000 	/System/Library/PrivateFrameworks/CoreUtils.framework/Versions/A/CoreUtils
0x00007fff474bc000 	/System/Library/Frameworks/CoreWLAN.framework/Versions/A/CoreWLAN
0x00007fff47f02000 	/System/Library/Frameworks/IOBluetooth.framework/Versions/A/IOBluetooth
0x00007fff64bd9000 	/System/Library/PrivateFrameworks/ProtocolBuffer.framework/Versions/A/ProtocolBuffer
0x00007fff6122d000 	/System/Library/PrivateFrameworks/MobileKeyBag.framework/Versions/A/MobileKeyBag
0x00007fff591c5000 	/System/Library/PrivateFrameworks/CorePhoneNumbers.framework/Versions/A/CorePhoneNumbers
0x00007fff55ba6000 	/System/Library/PrivateFrameworks/AppleIDAuthSupport.framework/Versions/A/AppleIDAuthSupport
0x00007fff601ca000 	/System/Library/PrivateFrameworks/KeychainCircle.framework/Versions/A/KeychainCircle
0x00007fff59ad3000 	/System/Library/PrivateFrameworks/CoreWiFi.framework/Versions/A/CoreWiFi
0x00007fff45399000 	/System/Library/Frameworks/CoreBluetooth.framework/Versions/A/CoreBluetooth
0x00007fff59d23000 	/System/Library/PrivateFrameworks/DebugSymbols.framework/Versions/A/DebugSymbols
0x00007fff59703000 	/System/Library/PrivateFrameworks/CoreSymbolication.framework/Versions/A/CoreSymbolication
0x00007fff68bd3000 	/System/Library/PrivateFrameworks/Symbolication.framework/Versions/A/Symbolication
0x00007fff55a98000 	/System/Library/PrivateFrameworks/AppleFSCompression.framework/Versions/A/AppleFSCompression
0x00007fff68020000 	/System/Library/PrivateFrameworks/SpeechRecognitionCore.framework/Versions/A/SpeechRecognitionCore
0x0000000108600000 	/Library/Java/JavaVirtualMachines/jdk-15.0.1.jdk/Contents/Home/lib/server/libjvm.dylib
0x0000000107d82000 	/Library/Java/JavaVirtualMachines/jdk-15.0.1.jdk/Contents/Home/lib/libjimage.dylib
0x0000000107d90000 	/Library/Java/JavaVirtualMachines/jdk-15.0.1.jdk/Contents/Home/lib/libinstrument.dylib
0x0000000107da0000 	/Library/Java/JavaVirtualMachines/jdk-15.0.1.jdk/Contents/Home/lib/./libjava.dylib
0x0000000110778000 	/Library/Java/JavaVirtualMachines/jdk-15.0.1.jdk/Contents/Home/lib/libzip.dylib
0x0000000129a54000 	/Library/Java/JavaVirtualMachines/jdk-15.0.1.jdk/Contents/Home/lib/libnio.dylib
0x0000000129a68000 	/Library/Java/JavaVirtualMachines/jdk-15.0.1.jdk/Contents/Home/lib/./libnet.dylib
0x00000001107aa000 	/Library/Java/JavaVirtualMachines/jdk-15.0.1.jdk/Contents/Home/lib/libextnet.dylib
0x0000000129b09000 	/Library/Java/JavaVirtualMachines/jdk-15.0.1.jdk/Contents/Home/lib/libverify.dylib
0x0000000129d7d000 	/Library/Java/JavaVirtualMachines/jdk-15.0.1.jdk/Contents/Home/lib/libmanagement.dylib
0x0000000129d87000 	/Library/Java/JavaVirtualMachines/jdk-15.0.1.jdk/Contents/Home/lib/libmanagement_ext.dylib


VM Arguments:
jvm_args: -javaagent:/Applications/IntelliJ IDEA CE.app/Contents/lib/idea_rt.jar=52325:/Applications/IntelliJ IDEA CE.app/Contents/bin -Dfile.encoding=UTF-8 
java_command: tech.eazley.PharmaReconile.PharmaReconileApplication
java_class_path (initial): /Users/colincampbell/Desktop/AppProjects/Business/pharma-reconcile/pharma-reconcile-server/target/classes:/Users/colincampbell/.m2/repository/io/jsonwebtoken/jjwt/0.9.1/jjwt-0.9.1.jar:/Users/colincampbell/.m2/repository/com/fasterxml/jackson/core/jackson-databind/2.11.2/jackson-databind-2.11.2.jar:/Users/colincampbell/.m2/repository/com/fasterxml/jackson/core/jackson-annotations/2.11.2/jackson-annotations-2.11.2.jar:/Users/colincampbell/.m2/repository/com/fasterxml/jackson/core/jackson-core/2.11.2/jackson-core-2.11.2.jar:/Users/colincampbell/.m2/repository/javax/xml/bind/jaxb-api/2.3.0/jaxb-api-2.3.0.jar:/Users/colincampbell/.m2/repository/org/apache/pdfbox/pdfbox/2.0.21/pdfbox-2.0.21.jar:/Users/colincampbell/.m2/repository/org/apache/pdfbox/fontbox/2.0.21/fontbox-2.0.21.jar:/Users/colincampbell/.m2/repository/commons-logging/commons-logging/1.2/commons-logging-1.2.jar:/Users/colincampbell/.m2/repository/org/springframework/boot/spring-boot-starter-data-jpa/2.3.4.RELEASE/spring-boot-starter-data-jpa-2.3.4.RELEASE.jar:/Users/colincampbell/.m2/repository/org/springframework/boot/spring-boot-starter-aop/2.3.4.RELEASE/spring-boot-starter-aop-2.3.4.RELEASE.jar:/Users/colincampbell/.m2/repository/org/aspectj/aspectjweaver/1.9.6/aspectjweaver-1.9.6.jar:/Users/colincampbell/.m2/repository/org/springframework/boot/spring-boot-starter-jdbc/2.3.4.RELEASE/spring-boot-starter-jdbc-2.3.4.RELEASE.jar:/Users/colincampbell/.m2/repository/com/zaxxer/HikariCP/3.4.5/HikariCP-3.4.5.jar:/Users/colincampbell/.m2/repository/org/springframework/spring-jdbc/5.2.9.RELEASE/spring-jdbc-5.2.9.RELEASE.jar:/Users/colincampbell/.m2/repository/jakarta/transaction/jakarta.transaction-api/1.3.3/jakarta.transaction-api-1.3.3.jar:/Users/colincampbell/.m2/repository/jakarta/persistence/jakarta.persistence-api/2.2.3/jakarta.persistence-api-2.2.3.jar:/Users/colincampbell/.m2/repository/org/hibernate/hibernate-core/5.4.21.Final/hibernate-core-5.4.21.Final.jar:/Users/colincampbel
Launcher Type: SUN_STANDARD

[Global flags]
     intx CICompilerCount                          = 3                                         {product} {ergonomic}
     uint ConcGCThreads                            = 1                                         {product} {ergonomic}
     uint G1ConcRefinementThreads                  = 4                                         {product} {ergonomic}
   size_t G1HeapRegionSize                         = 2097152                                   {product} {ergonomic}
    uintx GCDrainStackTargetSize                   = 64                                        {product} {ergonomic}
   size_t InitialHeapSize                          = 167772160                                 {product} {ergonomic}
   size_t MarkStackSize                            = 4194304                                   {product} {ergonomic}
   size_t MaxHeapSize                              = 2684354560                                {product} {ergonomic}
   size_t MaxNewSize                               = 1610612736                                {product} {ergonomic}
   size_t MinHeapDeltaBytes                        = 2097152                                   {product} {ergonomic}
   size_t MinHeapSize                              = 8388608                                   {product} {ergonomic}
    uintx NonNMethodCodeHeapSize                   = 5832780                                {pd product} {ergonomic}
    uintx NonProfiledCodeHeapSize                  = 122912730                              {pd product} {ergonomic}
    uintx ProfiledCodeHeapSize                     = 122912730                              {pd product} {ergonomic}
    uintx ReservedCodeCacheSize                    = 251658240                              {pd product} {ergonomic}
     bool SegmentedCodeCache                       = true                                      {product} {ergonomic}
   size_t SoftMaxHeapSize                          = 2684354560                             {manageable} {ergonomic}
     bool UseCompressedClassPointers               = true                                 {lp64_product} {ergonomic}
     bool UseCompressedOops                        = true                                 {lp64_product} {ergonomic}
     bool UseG1GC                                  = true                                      {product} {ergonomic}
     bool UseNUMA                                  = false                                     {product} {ergonomic}
     bool UseNUMAInterleaving                      = false                                     {product} {ergonomic}

Logging:
Log output configuration:
 #0: stdout all=warning uptime,level,tags
 #1: stderr all=off uptime,level,tags

Environment Variables:
PATH=/Users/colincampbell/google-cloud-sdk/bin:/Applications/MAMP/bin/php/php8.0.0/bin:/Users/colincampbell/Library/Android/sdk/emulator:/Users/colincampbell/Library/Android/sdk/tools:/Users/colincampbell/Library/Android/sdk/tools:/Users/colincampbell/Library/Android/sdk/platform-tools:/Library/flutter/bin:/Library/Frameworks/Python.framework/Versions/3.9/bin:/usr/local/bin:/usr/bin:/bin:/usr/sbin:/sbin:/usr/local/go/bin:/usr/local/share/dotnet:~/.dotnet/tools:/Library/Frameworks/Mono.framework/Versions/Current/Commands:/Users/colincampbell/.composer/vendor/bin
SHELL=/bin/bash
LC_CTYPE=en_JM.UTF-8

Signal Handlers:
SIGSEGV: [libjvm.dylib+0x9fe2e0], sa_mask[0]=11111111011111110111111111111111, sa_flags=SA_ONSTACK|SA_RESTART|SA_SIGINFO
SIGBUS: [libjvm.dylib+0x9fe2e0], sa_mask[0]=11111111011111110111111111111111, sa_flags=SA_RESTART|SA_SIGINFO
SIGFPE: [libjvm.dylib+0x9fe2e0], sa_mask[0]=11111111011111110111111111111111, sa_flags=SA_RESTART|SA_SIGINFO
SIGPIPE: [libjvm.dylib+0x82a110], sa_mask[0]=11111111011111110111111111111111, sa_flags=SA_RESTART|SA_SIGINFO
SIGXFSZ: [libjvm.dylib+0x82a110], sa_mask[0]=11111111011111110111111111111111, sa_flags=SA_RESTART|SA_SIGINFO
SIGILL: [libjvm.dylib+0x9fe2e0], sa_mask[0]=11111111011111110111111111111111, sa_flags=SA_RESTART|SA_SIGINFO
SIGUSR2: [libjvm.dylib+0x82ac20], sa_mask[0]=00100000000000000000000000000000, sa_flags=SA_RESTART|SA_SIGINFO
SIGHUP: [libjvm.dylib+0x829320], sa_mask[0]=11111111011111110111111111111111, sa_flags=SA_RESTART|SA_SIGINFO
SIGINT: [libjvm.dylib+0x829320], sa_mask[0]=11111111011111110111111111111111, sa_flags=SA_RESTART|SA_SIGINFO
SIGTERM: [libjvm.dylib+0x829320], sa_mask[0]=11111111011111110111111111111111, sa_flags=SA_RESTART|SA_SIGINFO
SIGQUIT: [libjvm.dylib+0x829320], sa_mask[0]=11111111011111110111111111111111, sa_flags=SA_RESTART|SA_SIGINFO


---------------  S Y S T E M  ---------------

OS:uname: Darwin 17.7.0 Darwin Kernel Version 17.7.0: Mon Aug 31 22:11:23 PDT 2020; root:xnu-4570.71.82.6~1/RELEASE_X86_64 x86_64
OS uptime: 0 days 3:29 hours
rlimit (soft/hard): STACK 8192k/65532k , CORE 0k/infinity , NPROC 709/1064 , NOFILE 10240/infinity , AS infinity/infinity , CPU infinity/infinity , DATA infinity/infinity , FSIZE infinity/infinity , MEMLOCK infinity/infinity , RSS infinity/infinity
load average: 6.22 6.64 6.51

CPU: total 4 (initial active 4) (2 cores per cpu, 2 threads per core) family 6 model 42 stepping 7 microcode 0x2f, cmov, cx8, fxsr, mmx, sse, sse2, sse3, ssse3, sse4.1, sse4.2, popcnt, vzeroupper, avx, aes, clmul, ht, tsc, tscinvbit, clflush

Memory: 4k page, physical 10485760k(109068k free), swap 1048576k(881152k free)

vm_info: Java HotSpot(TM) 64-Bit Server VM (15.0.1+9-18) for bsd-amd64 JRE (15.0.1+9-18), built on Sep 15 2020 13:50:45 by "mach5one" with clang 4.2.1 Compatible Apple LLVM 10.0.0 (clang-1000.11.45.5)

END.
